2026-06-25T07:04:03.8725353-04:00 DRY-RUN: would sync the following:
2026-06-25T07:04:03.8960005-04:00    M docs/autopilot/network-trust-registry/network-trust-registry-notes.md
2026-06-25T07:04:03.8970037-04:00   ?? scripts/register-github-sync-task.ps1
2026-06-25T07:04:03.8984669-04:00   ?? scripts/sync-to-github.ps1
2026-06-25T07:04:03.8994720-04:00   ?? scripts/unregister-github-sync-task.ps1
2026-06-25T07:06:13.3289462-04:00 [master 154a814] chore: sync local work 2026-06-25 07:06
2026-06-25T07:06:13.3429096-04:00  9 files changed, 479 insertions(+), 1 deletion(-)
2026-06-25T07:06:13.3439097-04:00  create mode 100644 .autopilot/github-sync.log
2026-06-25T07:06:13.3449132-04:00  create mode 100644 scripts/register-github-sync-task.ps1
2026-06-25T07:06:13.3454172-04:00  create mode 100644 scripts/sync-to-github.ps1
2026-06-25T07:06:13.3474302-04:00  create mode 100644 scripts/unregister-github-sync-task.ps1
2026-06-25T07:06:13.3484337-04:00  create mode 100644 singulr/services/reverification.py
2026-06-25T07:06:13.3494416-04:00  create mode 100644 tests/test_reverification.py
2026-06-25T07:06:13.3504477-04:00 PUSH: origin master
2026-06-25T08:06:14.3969426-04:00 [master 05378ba] chore: sync local work 2026-06-25 08:06
2026-06-25T08:06:14.4099160-04:00  2 files changed, 11 insertions(+)
2026-06-25T08:06:14.4109196-04:00 PUSH: origin master
2026-06-25T09:06:14.2475412-04:00 [master d78d302] chore: sync local work 2026-06-25 09:06
2026-06-25T09:06:14.2605883-04:00  1 file changed, 3 insertions(+)
2026-06-25T09:06:14.2615328-04:00 PUSH: origin master
2026-06-25T10:06:14.1591162-04:00 [master 01999d0] chore: sync local work 2026-06-25 10:06
2026-06-25T10:06:14.1747231-04:00  1 file changed, 3 insertions(+)
2026-06-25T10:06:14.1762307-04:00 PUSH: origin master
2026-06-25T11:06:14.1548511-04:00 [master 3e0c775] chore: sync local work 2026-06-25 11:06
2026-06-25T11:06:14.1698413-04:00  1 file changed, 3 insertions(+)
2026-06-25T11:06:14.1703453-04:00 PUSH: origin master
2026-06-25T12:06:14.2184631-04:00 [master 0a09e6c] chore: sync local work 2026-06-25 12:06
2026-06-25T12:06:14.2319227-04:00  1 file changed, 3 insertions(+)
2026-06-25T12:06:14.2329233-04:00 PUSH: origin master
2026-06-25T13:06:14.1582065-04:00 [master 931dcca] chore: sync local work 2026-06-25 13:06
2026-06-25T13:06:14.1726937-04:00  1 file changed, 3 insertions(+)
2026-06-25T13:06:14.1741802-04:00 PUSH: origin master
2026-06-25T14:06:14.4566669-04:00 [master 6d12910] chore: sync local work 2026-06-25 14:06
2026-06-25T14:06:14.4700797-04:00  41 files changed, 2327 insertions(+), 64 deletions(-)
2026-06-25T14:06:14.4711001-04:00  create mode 100644 contracts/BanRegistry.sol
2026-06-25T14:06:14.4721004-04:00  create mode 100644 docs/autopilot/overnight-improve/IMPROVE_REPORT.md
2026-06-25T14:06:14.4736084-04:00  create mode 100644 docs/autopilot/overnight-improve/improvement-log.md
2026-06-25T14:06:14.4751222-04:00  create mode 100644 singulr/domain/chain_mapping.py
2026-06-25T14:06:14.4761224-04:00  create mode 100644 singulr/services/network_reputation.py
2026-06-25T14:06:14.4766265-04:00  create mode 100644 singulr/services/reinstatement.py
2026-06-25T14:06:14.4781287-04:00  create mode 100644 test/BanRegistry.test.js
2026-06-25T14:06:14.4786373-04:00  create mode 100644 tests/test_bot_handlers.py
2026-06-25T14:06:14.4801413-04:00  create mode 100644 tests/test_network_reputation.py
2026-06-25T14:06:14.4811417-04:00  create mode 100644 tests/test_network_write.py
2026-06-25T14:06:14.4826442-04:00  create mode 100644 tests/test_reinstatement.py
2026-06-25T14:06:14.4836508-04:00 PUSH: origin master
2026-06-25T15:06:14.2397107-04:00 [master fbba295] chore: sync local work 2026-06-25 15:06
2026-06-25T15:06:14.2551830-04:00  1 file changed, 14 insertions(+)
2026-06-25T15:06:14.2561863-04:00 PUSH: origin master
2026-06-25T16:06:14.6201165-04:00 [master 3cda6e6] chore: sync local work 2026-06-25 16:06
2026-06-25T16:06:14.6345286-04:00  35 files changed, 1748 insertions(+), 64 deletions(-)
2026-06-25T16:06:14.6360409-04:00  create mode 100644 docs/autopilot/feature/feature-notes.md
2026-06-25T16:06:14.6370568-04:00  create mode 100644 docs/autopilot/feature/feature.json
2026-06-25T16:06:14.6380600-04:00  create mode 100644 docs/autopilot/feature/feature.md
2026-06-25T16:06:14.6390637-04:00  create mode 100644 docs/plans/my-feature-brainstorm.md
2026-06-25T16:06:14.6400672-04:00  create mode 100644 singulr/copy/__init__.py
2026-06-25T16:06:14.6410708-04:00  create mode 100644 singulr/copy/member.py
2026-06-25T16:06:14.6420739-04:00  create mode 100644 singulr/services/ban_history.py
2026-06-25T16:06:14.6430776-04:00  create mode 100644 singulr/services/social_profile.py
2026-06-25T16:06:14.6445797-04:00  create mode 100644 singulr/services/verify_ban.py
2026-06-25T16:06:14.6460288-04:00  create mode 100644 tests/test_admin_reporting.py
2026-06-25T16:06:14.6460288-04:00  create mode 100644 tests/test_member_verify_journey.py
2026-06-25T16:06:14.6470549-04:00  create mode 100644 tests/test_social_profile.py
2026-06-25T16:06:14.6490621-04:00  create mode 100644 tests/test_verify_ui.py
2026-06-25T16:06:14.6495659-04:00 PUSH: origin master
2026-06-25T17:06:14.3812319-04:00 [master 964f11c] chore: sync local work 2026-06-25 17:06
2026-06-25T17:06:14.3962151-04:00  1 file changed, 16 insertions(+)
2026-06-25T17:06:14.3982186-04:00 PUSH: origin master
2026-06-25T18:06:14.2542899-04:00 [master a2c5874] chore: sync local work 2026-06-25 18:06
2026-06-25T18:06:14.2691104-04:00  1 file changed, 3 insertions(+)
2026-06-25T18:06:14.2711145-04:00 PUSH: origin master
2026-06-25T19:06:14.4299151-04:00 [master a5bcfeb] chore: sync local work 2026-06-25 19:06
2026-06-25T19:06:14.4444270-04:00  18 files changed, 1102 insertions(+), 57 deletions(-)
2026-06-25T19:06:14.4454378-04:00 PUSH: origin master
2026-06-25T20:06:14.2592352-04:00 [master ebe399b] chore: sync local work 2026-06-25 20:06
2026-06-25T20:06:14.2727327-04:00  1 file changed, 3 insertions(+)
2026-06-25T20:06:14.2737357-04:00 PUSH: origin master
2026-06-25T21:06:14.5105678-04:00 WARN: unstaged secret file(s): .env.example
2026-06-25T21:06:14.7870649-04:00 [master 6c22f86] chore: sync local work 2026-06-25 21:06
2026-06-25T21:06:14.7880686-04:00  42 files changed, 1349 insertions(+), 68 deletions(-)
2026-06-25T21:06:14.7890721-04:00  create mode 100644 data/social_blocklist.example.json
2026-06-25T21:06:14.7905746-04:00  create mode 100644 docs/autopilot/deep-harden/HARDEN_REPORT.md
2026-06-25T21:06:14.7915752-04:00  create mode 100644 docs/autopilot/deep-harden/audit.md
2026-06-25T21:06:14.7920792-04:00  create mode 100644 docs/autopilot/deep-harden/deep-harden-notes.md
2026-06-25T21:06:14.7930850-04:00  create mode 100644 docs/autopilot/deep-harden/deep-harden.json
2026-06-25T21:06:14.7940916-04:00  create mode 100644 docs/autopilot/overnight-continue/SHIP_REPORT.md
2026-06-25T21:06:14.7956060-04:00  create mode 100644 docs/autopilot/overnight-continue/overnight-continue-notes.md
2026-06-25T21:06:14.7966093-04:00  create mode 100644 docs/autopilot/overnight-continue/overnight-continue.json
2026-06-25T21:06:14.7976129-04:00  create mode 100644 docs/autopilot/social-profiling/social-profiling-notes.md
2026-06-25T21:06:14.7981169-04:00  create mode 100644 docs/autopilot/social-profiling/social-profiling.json
2026-06-25T21:06:14.7991208-04:00  create mode 100644 singulr/services/social_blocklist.py
2026-06-25T21:06:14.8006229-04:00  create mode 100644 singulr/services/social_external.py
2026-06-25T21:06:14.8016308-04:00  create mode 100644 tests/fixtures/social_blocklist.json
2026-06-25T21:06:14.8026311-04:00  create mode 100644 tests/test_hardening.py
2026-06-25T21:06:14.8035706-04:00  create mode 100644 tests/test_social_blocklist.py
2026-06-25T21:06:14.8045761-04:00  create mode 100644 tests/test_social_docs.py
2026-06-25T21:06:14.8050847-04:00  create mode 100644 tests/test_social_external.py
2026-06-25T21:06:14.8060998-04:00 PUSH: origin master
2026-06-25T22:06:14.2056064-04:00 WARN: unstaged secret file(s): .env.example
2026-06-25T22:06:14.3397082-04:00 [master 68f30ff] chore: sync local work 2026-06-25 22:06
2026-06-25T22:06:14.3411222-04:00  2 files changed, 22 insertions(+), 1 deletion(-)
2026-06-25T22:06:14.3421271-04:00 PUSH: origin master
2026-06-25T23:06:14.2315439-04:00 WARN: unstaged secret file(s): .env.example
2026-06-25T23:06:14.3780560-04:00 [master 218f791] chore: sync local work 2026-06-25 23:06
2026-06-25T23:06:14.3790626-04:00  7 files changed, 62 insertions(+), 3 deletions(-)
2026-06-25T23:06:14.3810744-04:00 PUSH: origin master
2026-06-26T00:06:14.2465464-04:00 WARN: unstaged secret file(s): .env.example
2026-06-26T00:06:14.3892708-04:00 [master a0ea847] chore: sync local work 2026-06-26 00:06
2026-06-26T00:06:14.3902762-04:00  2 files changed, 9 insertions(+), 5 deletions(-)
2026-06-26T00:06:14.3912821-04:00 PUSH: origin master
2026-06-26T01:06:14.2106267-04:00 WARN: unstaged secret file(s): .env.example
2026-06-26T01:06:14.3501067-04:00 [master 1f062c6] chore: sync local work 2026-06-26 01:06
2026-06-26T01:06:14.3516112-04:00  1 file changed, 4 insertions(+)
2026-06-26T01:06:14.3526112-04:00 PUSH: origin master
2026-06-26T02:06:14.2229433-04:00 WARN: unstaged secret file(s): .env.example
2026-06-26T02:06:14.3435210-04:00 [master de1cb9b] chore: sync local work 2026-06-26 02:06
2026-06-26T02:06:14.3445213-04:00  1 file changed, 4 insertions(+)
2026-06-26T02:06:14.3450248-04:00 PUSH: origin master
